Using pre-set license
Built from '2020.3/staging' branch; Version is '2020.3.20f1 (41c4e627c95f) revision 4310246'; Using compiler version '192528614'; Build Type 'Release'
OS: 'Windows 10 Pro; OS build 19042.1348; Version 2009; 64bit' Language: 'en' Physical Memory: 32685 MB
BatchMode: 1, IsHumanControllingUs: 0, StartBugReporterOnCrash: 0, Is64bit: 1, IsPro: 0

COMMAND LINE ARGUMENTS:
C:\Program Files\Unity\Hub\Editor\2020.3.20f1\Editor\Unity.exe
-adb2
-batchMode
-noUpm
-name
AssetImportWorker0
-projectPath
C:/Users/Ashley/Desktop/NYU/RollingBallAssign2
-logFile
Logs/AssetImportWorker0.log
-srvPort
61470
Successfully changed project path to: C:/Users/Ashley/Desktop/NYU/RollingBallAssign2
C:/Users/Ashley/Desktop/NYU/RollingBallAssign2
Using Asset Import Pipeline V2.
Refreshing native plugins compatible for Editor in 26.13 ms, found 2 plugins.
Preloading 0 native plugins for Editor in 0.00 ms.
Initialize engine version: 2020.3.20f1 (41c4e627c95f)
[Subsystems] Discovering subsystems at path C:/Program Files/Unity/Hub/Editor/2020.3.20f1/Editor/Data/Resources/UnitySubsystems
[Subsystems] Discovering subsystems at path C:/Users/Ashley/Desktop/NYU/RollingBallAssign2/Assets
GfxDevice: creating device client; threaded=0
Direct3D:
    Version:  Direct3D 11.0 [level 11.1]
    Renderer: NVIDIA GeForce GTX 1660 SUPER (ID=0x21c4)
    Vendor:   
    VRAM:     5991 MB
    Driver:   27.21.14.5751
Initialize mono
Mono path[0] = 'C:/Program Files/Unity/Hub/Editor/2020.3.20f1/Editor/Data/Managed'
Mono path[1] = 'C:/Program Files/Unity/Hub/Editor/2020.3.20f1/Editor/Data/MonoBleedingEdge/lib/mono/unityjit'
Mono config path = 'C:/Program Files/Unity/Hub/Editor/2020.3.20f1/Editor/Data/MonoBleedingEdge/etc'
Using monoOptions --debugger-agent=transport=dt_socket,embedding=1,server=y,suspend=n,address=127.0.0.1:56964
Begin MonoManager ReloadAssembly
Registering precompiled unity dll's ...
Register platform support module: C:/Program Files/Unity/Hub/Editor/2020.3.20f1/Editor/Data/PlaybackEngines/WindowsStandaloneSupport/UnityEditor.WindowsStandalone.Extensions.dll
Registered in 0.001613 seconds.
Native extension for WindowsStandalone target not found
Refreshing native plugins compatible for Editor in 25.35 ms, found 2 plugins.
Preloading 0 native plugins for Editor in 0.00 ms.
Mono: successfully reloaded assembly
- Completed reload, in  1.536 seconds
Domain Reload Profiling:
	ReloadAssembly (1536ms)
		BeginReloadAssembly (46ms)
			ExecutionOrderSort (0ms)
			DisableScriptedObjects (0ms)
			BackupInstance (0ms)
			ReleaseScriptingObjects (0ms)
			CreateAndSetChildDomain (1ms)
		EndReloadAssembly (357ms)
			LoadAssemblies (44ms)
			RebuildTransferFunctionScriptingTraits (0ms)
			SetupTypeCache (134ms)
			ReleaseScriptCaches (0ms)
			RebuildScriptCaches (28ms)
			SetupLoadedEditorAssemblies (135ms)
				LogAssemblyErrors (0ms)
				InitializePlatformSupportModulesInManaged (3ms)
				SetLoadedEditorAssemblies (0ms)
				RefreshPlugins (25ms)
				BeforeProcessingInitializeOnLoad (14ms)
				ProcessInitializeOnLoadAttributes (68ms)
				ProcessInitializeOnLoadMethodAttributes (24ms)
				AfterProcessingInitializeOnLoad (0ms)
				EditorAssembliesLoaded (0ms)
			ExecutionOrderSort2 (0ms)
			AwakeInstancesAfterBackupRestoration (0ms)
Platform modules already initialized, skipping
Registering precompiled user dll's ...
Registered in 0.002321 seconds.
Begin MonoManager ReloadAssembly
Native extension for WindowsStandalone target not found
Refreshing native plugins compatible for Editor in 0.25 ms, found 2 plugins.
Preloading 0 native plugins for Editor in 0.00 ms.
Mono: successfully reloaded assembly
- Completed reload, in  0.872 seconds
Domain Reload Profiling:
	ReloadAssembly (872ms)
		BeginReloadAssembly (128ms)
			ExecutionOrderSort (0ms)
			DisableScriptedObjects (4ms)
			BackupInstance (0ms)
			ReleaseScriptingObjects (0ms)
			CreateAndSetChildDomain (15ms)
		EndReloadAssembly (690ms)
			LoadAssemblies (72ms)
			RebuildTransferFunctionScriptingTraits (0ms)
			SetupTypeCache (241ms)
			ReleaseScriptCaches (0ms)
			RebuildScriptCaches (36ms)
			SetupLoadedEditorAssemblies (259ms)
				LogAssemblyErrors (0ms)
				InitializePlatformSupportModulesInManaged (4ms)
				SetLoadedEditorAssemblies (0ms)
				RefreshPlugins (0ms)
				BeforeProcessingInitializeOnLoad (66ms)
				ProcessInitializeOnLoadAttributes (178ms)
				ProcessInitializeOnLoadMethodAttributes (4ms)
				AfterProcessingInitializeOnLoad (6ms)
				EditorAssembliesLoaded (0ms)
			ExecutionOrderSort2 (0ms)
			AwakeInstancesAfterBackupRestoration (6ms)
Platform modules already initialized, skipping
========================================================================
Worker process is ready to serve import requests
Launched and connected shader compiler UnityShaderCompiler.exe after 0.05 seconds
Refreshing native plugins compatible for Editor in 0.25 ms, found 2 plugins.
Preloading 0 native plugins for Editor in 0.00 ms.
Unloading 1399 Unused Serialized files (Serialized files now loaded: 0)
System memory in use before: 64.9 MB.
System memory in use after: 65.0 MB.

Unloading 16 unused Assets to reduce memory usage. Loaded Objects now: 1834.
Total: 2.434000 ms (FindLiveObjects: 0.147000 ms CreateObjectMapping: 0.048100 ms MarkObjects: 2.188800 ms  DeleteObjects: 0.049000 ms)

AssetImportParameters requested are different than current active one (requested -> active):
  custom:framework-win-MediaFoundation: 216162199b28c13a410421893ffa2e32 -> 
  custom:video-decoder-ogg-theora: a1e56fd34408186e4bbccfd4996cb3dc -> 
  custom:container-muxer-webm: aa71ff27fc2769a1b78a27578f13a17b -> 
  custom:container-demuxer-webm: 4f35f7cbe854078d1ac9338744f61a02 -> 
  custom:container-demuxer-ogg: 62fdf1f143b41e24485cea50d1cbac27 -> 
  custom:video-encoder-webm-vp8: eb34c28f22e8b96e1ab97ce403110664 -> 
  custom:video-decoder-webm-vp8: 9c59270c3fd7afecdb556c50c9e8de78 -> 
  custom:audio-decoder-ogg-vorbis: bf7c407c2cedff20999df2af8eb42d56 -> 
  custom:audio-encoder-webm-vorbis: bf7c407c2cedff20999df2af8eb42d56 -> 
========================================================================
Received Import Request.
  path: Assets/Materials
  artifactKey: Guid(4387b7a5b4ebd2146b15cf6a9ef4ac33) Importer(815301076,1909f56bfc062723c751e8b465ee728b)
Start importing Assets/Materials using Guid(4387b7a5b4ebd2146b15cf6a9ef4ac33) Importer(815301076,1909f56bfc062723c751e8b465ee728b)  -> (artifact id: '96004ffbef4148256bc21be262b645d9') in 0.007530 seconds 
  Import took 0.009591 seconds .

========================================================================
Received Import Request.
  Time since last request: 0.000165 seconds.
  path: Assets/Prefabs
  artifactKey: Guid(197e9e14dabf8aa43b500d421c9af250) Importer(815301076,1909f56bfc062723c751e8b465ee728b)
Start importing Assets/Prefabs using Guid(197e9e14dabf8aa43b500d421c9af250) Importer(815301076,1909f56bfc062723c751e8b465ee728b)  -> (artifact id: 'ec6c9a173519d859f70e4d1371bbe7a2') in 0.009305 seconds 
  Import took 0.011599 seconds .

========================================================================
Received Import Request.
  Time since last request: 22.679033 seconds.
  path: Assets/Scenes
  artifactKey: Guid(7aeac1969aa0d9644ae6880cbea16f1f) Importer(815301076,1909f56bfc062723c751e8b465ee728b)
Start importing Assets/Scenes using Guid(7aeac1969aa0d9644ae6880cbea16f1f) Importer(815301076,1909f56bfc062723c751e8b465ee728b)  -> (artifact id: '751a21043a94f2375c55f4dbc68d25e6') in 0.006210 seconds 
  Import took 0.008048 seconds .

========================================================================
Received Import Request.
  Time since last request: 2.308916 seconds.
  path: Assets/Prefabs/Collectable.prefab
  artifactKey: Guid(8da791942fdcf444ca12e0a856f341b5) Importer(815301076,1909f56bfc062723c751e8b465ee728b)
Start importing Assets/Prefabs/Collectable.prefab using Guid(8da791942fdcf444ca12e0a856f341b5) Importer(815301076,1909f56bfc062723c751e8b465ee728b)  -> (artifact id: '26a3a2e0d7fe1ab294111af28ca55a07') in 0.282062 seconds 
  Import took 0.284007 seconds .

========================================================================
Received Import Request.
  Time since last request: 0.000191 seconds.
  path: Assets/Prefabs/Floor.prefab
  artifactKey: Guid(0ea195c5ab927fd41b75e1e3a7a12b25) Importer(815301076,1909f56bfc062723c751e8b465ee728b)
Start importing Assets/Prefabs/Floor.prefab using Guid(0ea195c5ab927fd41b75e1e3a7a12b25) Importer(815301076,1909f56bfc062723c751e8b465ee728b)  -> (artifact id: '0ab05684d3f3647ffce68b61f4e521f0') in 0.013172 seconds 
  Import took 0.014981 seconds .

========================================================================
Received Import Request.
  Time since last request: 0.000151 seconds.
  path: Assets/Prefabs/Wall.prefab
  artifactKey: Guid(21cfcc46b4894bc4baeb08bd2db564cb) Importer(815301076,1909f56bfc062723c751e8b465ee728b)
Start importing Assets/Prefabs/Wall.prefab using Guid(21cfcc46b4894bc4baeb08bd2db564cb) Importer(815301076,1909f56bfc062723c751e8b465ee728b)  -> (artifact id: '8dd2bf633de800fa7c0b29b7992a5662') in 0.019474 seconds 
  Import took 0.021293 seconds .

========================================================================
Received Import Request.
  Time since last request: 335.154216 seconds.
  path: Assets/Materials/BallMat.mat
  artifactKey: Guid(c3bad9ac5f56f3b46990b1203bafc399) Importer(815301076,1909f56bfc062723c751e8b465ee728b)
Start importing Assets/Materials/BallMat.mat using Guid(c3bad9ac5f56f3b46990b1203bafc399) Importer(815301076,1909f56bfc062723c751e8b465ee728b)  -> (artifact id: '529169f126a20f78f41adb4def1fa49a') in 0.275545 seconds 
  Import took 0.278385 seconds .

========================================================================
Received Import Request.
  Time since last request: 0.000161 seconds.
  path: Assets/Materials/CubeMat.mat
  artifactKey: Guid(576cb5cc1224b624ebee959733ef3d1f) Importer(815301076,1909f56bfc062723c751e8b465ee728b)
Start importing Assets/Materials/CubeMat.mat using Guid(576cb5cc1224b624ebee959733ef3d1f) Importer(815301076,1909f56bfc062723c751e8b465ee728b)  -> (artifact id: 'c4e6c13962aec23df9e8aa24e0298fb4') in 0.011642 seconds 
  Import took 0.013966 seconds .

========================================================================
Received Import Request.
  Time since last request: 0.000132 seconds.
  path: Assets/Materials/FloorMat.mat
  artifactKey: Guid(d7c766f3b6f216a4d9a68b5431dfb4d0) Importer(815301076,1909f56bfc062723c751e8b465ee728b)
Start importing Assets/Materials/FloorMat.mat using Guid(d7c766f3b6f216a4d9a68b5431dfb4d0) Importer(815301076,1909f56bfc062723c751e8b465ee728b)  -> (artifact id: '4e765afff5d2c6af783d227a6700e91f') in 0.014025 seconds 
  Import took 0.016895 seconds .

